<?xml version="1.0" encoding="UTF-8"?>
<beans xmlns="http://www.springframework.org/schema/beans"
	xmlns:xsi="http://www.w3.org/2001/XMLSchema-instance"
	xmlns:jaxws="http://cxf.apache.org/jaxws"
	xmlns:context="http://www.springframework.org/schema/context"
	xsi:schemaLocation="http://cxf.apache.org/jaxws http://cxf.apache.org/schemas/jaxws.xsd
		http://www.springframework.org/schema/beans http://www.springframework.org/schema/beans/spring-beans-4.2.xsd
		http://www.springframework.org/schema/context http://www.springframework.org/schema/context/spring-context.xsd">

    
    <import resource="classpath:META-INF/cxf/cxf.xml" />

	<context:component-scan base-package="com.sahoora.cxfdemo"/>
        
    <bean id="defaultOrdersEndpoint" class="com.sahoora.cxfdemo.orders.DefaultOrdersEndpoint"></bean>
          
    <jaxws:server 
    		id="testOrdersServer"
    		address="http://localhost:9000/apache-cxf-jax-ws-demo/service/orders"
    		serviceBean="#defaultOrdersEndpoint"
    		serviceClass="com.sahoora.service.orders.Orders">
    		
    		<jaxws:inInterceptors>
    			<ref bean="loggingInInterceptor"/>
    			<ref bean="orderServiceSoapHeaderInInterceptor"/>
    		</jaxws:inInterceptors>
    		
    		<jaxws:outInterceptors>
    			<ref bean="loggingOutInterceptor"/>
    		</jaxws:outInterceptors>
    </jaxws:server>
    
    <bean id="loggingInInterceptor" class="org.apache.cxf.interceptor.LoggingInInterceptor"/>
    <bean id="loggingOutInterceptor" class="org.apache.cxf.interceptor.LoggingOutInterceptor"/>
    
    <jaxws:client 
    		id="testOrdersClient"
    		address="http://localhost:9000/apache-cxf-jax-ws-demo/service/orders"
    		serviceClass="com.sahoora.service.orders.Orders">
    		
    		<jaxws:inInterceptors>
    			<ref bean="loggingInInterceptor"/>
    		</jaxws:inInterceptors>
    		
    		<jaxws:outInterceptors>
    			<ref bean="loggingOutInterceptor"/>
    			<ref bean="orderServiceSoapHeaderOutInterceptor"/>
    		</jaxws:outInterceptors>
    </jaxws:client>
    
    <bean id="orderServiceSoapHeaderInInterceptor" class="com.sahoora.cxfdemo.orders.OrderServiceInInterceptor" />
	<bean id="orderServiceSoapHeaderOutInterceptor" class="com.sahoora.cxfdemo.orders.OrderServiceOutInterceptor" />
    
</beans>